<?xml version="1.0" encoding="UTF-8"?>
<!-- Generated by org.testng.reporters.JUnitXMLReporter -->
<testsuite ignored="0" hostname="DESKTOP-EU71MIR" failures="1" tests="9" name="Test" time="0.386" errors="0" timestamp="2024-06-16T00:10:45 IST">
  <testcase classname="testng_batch.Sample1" name="TC1" time="0.027"/>
  <testcase classname="testng_batch.Sample1" name="TC2" time="0.004"/>
  <testcase classname="testng_batch.Sample1" name="TC3" time="0.027">
    <failure type="java.lang.AssertionError" message="null">
      <![CDATA[java.lang.AssertionError: null
at testng_batch.Sample1.TC3(Sample1.java:19)
at java.base/java.util.ArrayList.forEach(ArrayList.java:1511)
... Removed 29 stack frames]]>
    </failure>
  </testcase> <!-- TC3 -->
  <testcase classname="testng_batch.Sample2" name="TC4" time="0.003"/>
  <testcase classname="testng_batch.Sample2" name="TC5" time="0.007"/>
  <testcase classname="testng_batch.Sample2" name="TC6" time="0.004"/>
  <testcase classname="testng_batch.Sample3" name="TC7" time="0.006"/>
  <testcase classname="testng_batch.Sample3" name="TC8" time="0.012"/>
  <testcase classname="testng_batch.Sample3" name="TC9" time="0.006"/>
</testsuite> <!-- Test -->
